<?xml version="1.0" encoding="UTF-8"?>
<!-- Generated by org.testng.reporters.JUnitReportReporter -->
<testsuite hostname="DMITPC31" failures="0" tests="1" name="com.DemoLogin.BaseClassTest" time="27.738" errors="0" timestamp="2023-10-05T14:09:52 EDT" skipped="0">
  <testcase classname="com.DemoLogin.BaseClassTest" name="myTest" time="27.738"/>
</testsuite> <!-- com.DemoLogin.BaseClassTest -->
