<?xml version="1.0" encoding="UTF-8"?>
<!-- Generated by org.testng.reporters.JUnitReportReporter -->
<testsuite hostname="DMITPC31" failures="0" tests="1" name="com.DemoLogin.BaseClassTest" time="25.949" errors="0" timestamp="2024-01-18T11:31:57 EST" skipped="0">
  <testcase classname="com.DemoLogin.BaseClassTest" name="myTest" time="25.949"/>
</testsuite> <!-- com.DemoLogin.BaseClassTest -->
