<?xml version="1.0" encoding="UTF-8"?>
<!-- Generated by org.testng.reporters.JUnitReportReporter -->
<testsuite hostname="DESKTOP-3BQ5JAI" failures="0" tests="1" name="com.DemoLogin.FillFormTest" time="25.393" errors="0" timestamp="2024-02-22T12:31:44 COT" skipped="0">
  <testcase classname="com.DemoLogin.FillFormTest" name="clicOnAlert" time="25.393"/>
</testsuite> <!-- com.DemoLogin.FillFormTest -->
